-------------------------------------------------------------------------------
Test set: com.parkit.parkingsystem.FareCalculatorServiceTest
-------------------------------------------------------------------------------
Tests run: 7, Failures: 1, Errors: 0, Skipped: 0, Time elapsed: 0.055 s <<< FAILURE! - in com.parkit.parkingsystem.FareCalculatorServiceTest
calculateFareBike  Time elapsed: 0.017 s  <<< FAILURE!
org.opentest4j.AssertionFailedError: expected: <1.0> but was: <1.002>
	at com.parkit.parkingsystem.FareCalculatorServiceTest.calculateFareBike(FareCalculatorServiceTest.java:57)

