<?xml version="1.0" encoding="UTF-8"?>
<testsuite xmlns:xsi="http://www.w3.org/2001/XMLSchema-instance" xsi:noNamespaceSchemaLocation="https://maven.apache.org/surefire/maven-surefire-plugin/xsd/surefire-test-report-3.0.xsd" version="3.0" name="com.parkit.parkingsystem.FareCalculatorServiceTest" time="0.059" tests="7" errors="0" skipped="0" failures="0">
  <properties>
[...]
</properties>
  <testcase name="calculateFareCarWithLessThanOneHourParkingTime" classname="com.parkit.parkingsystem.FareCalculatorServiceTest" time="0.009">
    <system-out><![CDATA[Prix ticket : 0.0
Prix pour 45m calculé : 1.125
Heure d'arrivée : 1773835202656
Heure de départ : 1773837902656
msDuration = 2700000
Durée de stationnement en minutes : 45
Durée de stationnement en heures : 0
Durée de stationnement en secondes : 2700
Nombre de fois que ce véhicule a utilisé notre parking : 0
Prix ticket après méthode : 1.125
]]></system-out>
  </testcase>
  <testcase name="calculateFareCar" classname="com.parkit.parkingsystem.FareCalculatorServiceTest" time="0.008">
    <system-out><![CDATA[Heure d'arrivée : 1773834302666
Heure de départ : 1773837902666
msDuration = 3600000
Durée de stationnement en minutes : 60
Durée de stationnement en heures : 1
Durée de stationnement en secondes : 3600
Nombre de fois que ce véhicule a utilisé notre parking : 0
]]></system-out>
  </testcase>
  <testcase name="calculateFareBike" classname="com.parkit.parkingsystem.FareCalculatorServiceTest" time="0.008">
    <system-out><![CDATA[Heure d'arrivée : 1773834302675
Heure de départ : 1773837902675
msDuration = 3600000
Durée de stationnement en minutes : 60
Durée de stationnement en heures : 1
Durée de stationnement en secondes : 3600
Nombre de fois que ce véhicule a utilisé notre parking : 0
]]></system-out>
  </testcase>
  <testcase name="calculateFareUnknownType" classname="com.parkit.parkingsystem.FareCalculatorServiceTest" time="0.008">
    <system-out><![CDATA[Heure d'arrivée : 1773834302684
Heure de départ : 1773837902684
msDuration = 3600000
Durée de stationnement en minutes : 60
Durée de stationnement en heures : 1
Durée de stationnement en secondes : 3600
Nombre de fois que ce véhicule a utilisé notre parking : 0
]]></system-out>
  </testcase>
  <testcase name="calculateFareCarWithMoreThanADayParkingTime" classname="com.parkit.parkingsystem.FareCalculatorServiceTest" time="0.007">
    <system-out><![CDATA[Heure d'arrivée : 1773751502693
Heure de départ : 1773837902693
msDuration = 86400000
Durée de stationnement en minutes : 1440
Durée de stationnement en heures : 24
Durée de stationnement en secondes : 86400
Nombre de fois que ce véhicule a utilisé notre parking : 0
]]></system-out>
  </testcase>
  <testcase name="calculateFareBikeWithLessThanOneHourParkingTime" classname="com.parkit.parkingsystem.FareCalculatorServiceTest" time="0.007">
    <system-out><![CDATA[Heure d'arrivée : 1773835202701
Heure de départ : 1773837902701
msDuration = 2700000
Durée de stationnement en minutes : 45
Durée de stationnement en heures : 0
Durée de stationnement en secondes : 2700
Nombre de fois que ce véhicule a utilisé notre parking : 0
]]></system-out>
  </testcase>
  <testcase name="calculateFareBikeWithFutureInTime" classname="com.parkit.parkingsystem.FareCalculatorServiceTest" time="0.002"/>
</testsuite>